{
  "RSpec": {
    "coverage": {
      "/Users/ryanbarnett/turing/repeat_2module/b2-final/spec/features/surgery/index_spec.rb": {
        "lines": [
          1,
          null,
          1,
          1,
          1,
          3,
          3,
          3,
          3,
          3,
          3,
          3,
          3,
          null,
          3,
          null,
          null,
          1,
          1,
          1,
          null,
          null,
          1,
          1,
          1,
          1,
          null,
          null,
          1,
          1,
          null,
          null,
          null,
          1,
          1,
          null,
          1,
          null,
          null,
          null,
          null,
          null,
          null
        ]
      },
      "/Users/ryanbarnett/turing/repeat_2module/b2-final/spec/features/surgery/show_spec.rb": {
        "lines": [
          1,
          null,
          1,
          1,
          1,
          6,
          6,
          6,
          6,
          6,
          6,
          6,
          6,
          6,
          6,
          6,
          null,
          6,
          null,
          null,
          1,
          1,
          1,
          null,
          null,
          1,
          1,
          1,
          null,
          null,
          null,
          1,
          1,
          1,
          1,
          1,
          null,
          null,
          null,
          null,
          1,
          1,
          1,
          1,
          null,
          null,
          1,
          1,
          2,
          null,
          2,
          null,
          null,
          1,
          1,
          null,
          null,
          1,
          1,
          null,
          null,
          null,
          null
        ]
      },
      "/Users/ryanbarnett/turing/repeat_2module/b2-final/spec/models/doctor_spec.rb": {
        "lines": [
          1,
          null,
          1,
          1,
          2,
          2,
          2,
          null,
          null,
          1,
          2,
          2,
          null,
          null
        ]
      },
      "/Users/ryanbarnett/turing/repeat_2module/b2-final/app/models/doctor.rb": {
        "lines": [
          1,
          1,
          null,
          1,
          1,
          1,
          null
        ]
      },
      "/Users/ryanbarnett/turing/repeat_2module/b2-final/app/models/application_record.rb": {
        "lines": [
          1,
          1,
          null
        ]
      },
      "/Users/ryanbarnett/turing/repeat_2module/b2-final/spec/models/hospital_spec.rb": {
        "lines": [
          1,
          null,
          1,
          1,
          2,
          null,
          null,
          1,
          2,
          2,
          null,
          null
        ]
      },
      "/Users/ryanbarnett/turing/repeat_2module/b2-final/app/models/hospital.rb": {
        "lines": [
          1,
          1,
          null,
          1,
          1,
          null
        ]
      },
      "/Users/ryanbarnett/turing/repeat_2module/b2-final/spec/models/operation_spec.rb": {
        "lines": [
          1,
          null,
          1,
          1,
          2,
          2,
          null,
          null
        ]
      },
      "/Users/ryanbarnett/turing/repeat_2module/b2-final/app/models/operation.rb": {
        "lines": [
          1,
          1,
          1,
          null
        ]
      },
      "/Users/ryanbarnett/turing/repeat_2module/b2-final/spec/models/surgery_spec.rb": {
        "lines": [
          1,
          null,
          1,
          1,
          2,
          2,
          2,
          null,
          null,
          1,
          2,
          null,
          null,
          1,
          1,
          1,
          1,
          1,
          1,
          1,
          null,
          1,
          null,
          1,
          null,
          1,
          null,
          null,
          null,
          null
        ]
      },
      "/Users/ryanbarnett/turing/repeat_2module/b2-final/app/models/surgery.rb": {
        "lines": [
          1,
          1,
          null,
          1,
          1,
          null,
          1,
          10,
          null,
          null
        ]
      },
      "/Users/ryanbarnett/turing/repeat_2module/b2-final/app/controllers/hospital_surgeries_controller.rb": {
        "lines": [
          1,
          1,
          1,
          1,
          null,
          null,
          1,
          null,
          1,
          1,
          null,
          null
        ]
      },
      "/Users/ryanbarnett/turing/repeat_2module/b2-final/app/controllers/application_controller.rb": {
        "lines": [
          1,
          null
        ]
      },
      "/Users/ryanbarnett/turing/repeat_2module/b2-final/app/controllers/surgeries_controller.rb": {
        "lines": [
          1,
          1,
          3,
          null,
          null,
          1,
          9,
          null,
          null
        ]
      },
      "/Users/ryanbarnett/turing/repeat_2module/b2-final/app/controllers/operations_controller.rb": {
        "lines": [
          1,
          1,
          2,
          2,
          null,
          null,
          1,
          null,
          1,
          4,
          null,
          null,
          null,
          null,
          null,
          1,
          4,
          null,
          null,
          1,
          4,
          null,
          null
        ]
      }
    },
    "timestamp": 1610737201
  }
}
